

*******************************************************************************
Thu Oct  6 15:55:44 2022


FIT:    data read from 'rload.txt' using 2:1
        format = x:z
        #datapoints = 52
        residuals are weighted equally (unit weight)

function used for fitting: f(x)
	f(x) = m*v + b
fitted parameters initialized with current variable values



*******************************************************************************
Thu Oct  6 15:56:53 2022


FIT:    data read from 'rload.txt' using 2:1
        format = x:z
        #datapoints = 52
        residuals are weighted equally (unit weight)

function used for fitting: f(x)
	f(x) = m*x + b
fitted parameters initialized with current variable values

iter      chisq       delta/lim  lambda   m             b            
   0 2.5619649400e+02   0.00e+00  7.75e-01    1.000000e+00   1.000000e+00
   4 1.4755157199e-02  -1.76e-09  7.75e-05   -1.146228e+00   3.848157e+00

After 4 iterations the fit converged.
final sum of squares of residuals : 0.0147552
rel. change during last iteration : -1.76351e-14

degrees of freedom    (FIT_NDF)                        : 50
rms of residuals      (FIT_STDFIT) = sqrt(WSSR/ndf)    : 0.0171786
variance of residuals (reduced chisquare) = WSSR/ndf   : 0.000295103

Final set of parameters            Asymptotic Standard Error
=======================            ==========================
m               = -1.14623         +/- 0.008069     (0.704%)
b               = 3.84816          +/- 0.003609     (0.09377%)

correlation matrix of the fit parameters:
                m      b      
m               1.000 
b              -0.751  1.000 


*******************************************************************************
Thu Oct  6 15:57:22 2022


FIT:    data read from 'rload.txt' using 2:1
        format = x:z
        #datapoints = 52
        residuals are weighted equally (unit weight)

function used for fitting: f(x)
	f(x) = m*x + b
fitted parameters initialized with current variable values

iter      chisq       delta/lim  lambda   m             b            
   0 2.5619649400e+02   0.00e+00  7.75e-01    1.000000e+00   1.000000e+00
   4 1.4755157199e-02  -1.76e-09  7.75e-05   -1.146228e+00   3.848157e+00

After 4 iterations the fit converged.
final sum of squares of residuals : 0.0147552
rel. change during last iteration : -1.76351e-14

degrees of freedom    (FIT_NDF)                        : 50
rms of residuals      (FIT_STDFIT) = sqrt(WSSR/ndf)    : 0.0171786
variance of residuals (reduced chisquare) = WSSR/ndf   : 0.000295103

Final set of parameters            Asymptotic Standard Error
=======================            ==========================
m               = -1.14623         +/- 0.008069     (0.704%)
b               = 3.84816          +/- 0.003609     (0.09377%)

correlation matrix of the fit parameters:
                m      b      
m               1.000 
b              -0.751  1.000 


*******************************************************************************
Thu Oct  6 15:58:52 2022


FIT:    data read from 'rload.txt' using 2:1
        format = x:z
        #datapoints = 52
        residuals are weighted equally (unit weight)

function used for fitting: f(x)
	f(x) = m*x + b
fitted parameters initialized with current variable values

iter      chisq       delta/lim  lambda   m             b            
   0 2.5619649400e+02   0.00e+00  7.75e-01    1.000000e+00   1.000000e+00
   4 1.4755157199e-02  -1.76e-09  7.75e-05   -1.146228e+00   3.848157e+00

After 4 iterations the fit converged.
final sum of squares of residuals : 0.0147552
rel. change during last iteration : -1.76351e-14

degrees of freedom    (FIT_NDF)                        : 50
rms of residuals      (FIT_STDFIT) = sqrt(WSSR/ndf)    : 0.0171786
variance of residuals (reduced chisquare) = WSSR/ndf   : 0.000295103

Final set of parameters            Asymptotic Standard Error
=======================            ==========================
m               = -1.14623         +/- 0.008069     (0.704%)
b               = 3.84816          +/- 0.003609     (0.09377%)

correlation matrix of the fit parameters:
                m      b      
m               1.000 
b              -0.751  1.000 


*******************************************************************************
Thu Oct  6 16:02:02 2022


FIT:    data read from 'rload.txt' using 2:1
        format = x:z
        #datapoints = 52
        residuals are weighted equally (unit weight)

function used for fitting: f(x)
	f(x) = m*x + b
fitted parameters initialized with current variable values

iter      chisq       delta/lim  lambda   m             b            
   0 2.5619649400e+02   0.00e+00  7.75e-01    1.000000e+00   1.000000e+00
   4 1.4755157199e-02  -1.76e-09  7.75e-05   -1.146228e+00   3.848157e+00

After 4 iterations the fit converged.
final sum of squares of residuals : 0.0147552
rel. change during last iteration : -1.76351e-14

degrees of freedom    (FIT_NDF)                        : 50
rms of residuals      (FIT_STDFIT) = sqrt(WSSR/ndf)    : 0.0171786
variance of residuals (reduced chisquare) = WSSR/ndf   : 0.000295103

Final set of parameters            Asymptotic Standard Error
=======================            ==========================
m               = -1.14623         +/- 0.008069     (0.704%)
b               = 3.84816          +/- 0.003609     (0.09377%)

correlation matrix of the fit parameters:
                m      b      
m               1.000 
b              -0.751  1.000 


*******************************************************************************
Thu Oct  6 16:03:34 2022


FIT:    data read from 'rload.txt' using 2:1
        format = x:z
        x range restricted to [0.00000 : *]
        #datapoints = 50
        residuals are weighted equally (unit weight)

function used for fitting: f(x)
	f(x) = m*x + b
fitted parameters initialized with current variable values

iter      chisq       delta/lim  lambda   m             b            
   0 2.3987724900e+02   0.00e+00  7.77e-01    1.000000e+00   1.000000e+00
   4 1.4696636977e-02  -2.24e-09  7.77e-05   -1.145563e+00   3.847763e+00

After 4 iterations the fit converged.
final sum of squares of residuals : 0.0146966
rel. change during last iteration : -2.24267e-14

degrees of freedom    (FIT_NDF)                        : 48
rms of residuals      (FIT_STDFIT) = sqrt(WSSR/ndf)    : 0.017498
variance of residuals (reduced chisquare) = WSSR/ndf   : 0.00030618

Final set of parameters            Asymptotic Standard Error
=======================            ==========================
m               = -1.14556         +/- 0.008444     (0.7371%)
b               = 3.84776          +/- 0.003851     (0.1001%)

correlation matrix of the fit parameters:
                m      b      
m               1.000 
b              -0.766  1.000 


*******************************************************************************
Thu Oct  6 16:05:12 2022


FIT:    data read from 'rload.txt' using 2:1
        format = x:z
        x range restricted to [0.00000 : *]
        #datapoints = 50
        residuals are weighted equally (unit weight)

function used for fitting: f(x)
	f(x) = m*x + b
fitted parameters initialized with current variable values

iter      chisq       delta/lim  lambda   m             b            
   0 2.3987724900e+02   0.00e+00  7.77e-01    1.000000e+00   1.000000e+00
   4 1.4696636977e-02  -2.24e-09  7.77e-05   -1.145563e+00   3.847763e+00

After 4 iterations the fit converged.
final sum of squares of residuals : 0.0146966
rel. change during last iteration : -2.24267e-14

degrees of freedom    (FIT_NDF)                        : 48
rms of residuals      (FIT_STDFIT) = sqrt(WSSR/ndf)    : 0.017498
variance of residuals (reduced chisquare) = WSSR/ndf   : 0.00030618

Final set of parameters            Asymptotic Standard Error
=======================            ==========================
m               = -1.14556         +/- 0.008444     (0.7371%)
b               = 3.84776          +/- 0.003851     (0.1001%)

correlation matrix of the fit parameters:
                m      b      
m               1.000 
b              -0.766  1.000 


*******************************************************************************
Thu Oct  6 16:06:05 2022


FIT:    data read from 'rload.txt' using 2:1
        format = x:z
        x range restricted to [0.00000 : *]
        #datapoints = 50
        residuals are weighted equally (unit weight)

function used for fitting: f(x)
	f(x) = m*x + b
fitted parameters initialized with current variable values

   4 1.4696636977e-02  -2.24e-09  7.77e-05   -1.145563e+00   3.847763e+00

After 4 iterations the fit converged.
final sum of squares of residuals : 0.0146966
rel. change during last iteration : -2.24267e-14

degrees of freedom    (FIT_NDF)                        : 48
rms of residuals      (FIT_STDFIT) = sqrt(WSSR/ndf)    : 0.017498
variance of residuals (reduced chisquare) = WSSR/ndf   : 0.00030618

Final set of parameters            Asymptotic Standard Error
=======================            ==========================
m               = -1.14556         +/- 0.008444     (0.7371%)
b               = 3.84776          +/- 0.003851     (0.1001%)

correlation matrix of the fit parameters:
                m      b      
m               1.000 
b              -0.766  1.000 


*******************************************************************************
Thu Oct  6 16:06:17 2022


FIT:    data read from 'rload.txt' using 2:1
        format = x:z
        x range restricted to [0.00000 : *]
        #datapoints = 50
        residuals are weighted equally (unit weight)

function used for fitting: f(x)
	f(x) = m*x + b
fitted parameters initialized with current variable values

   4 1.4696636977e-02  -2.24e-09  7.77e-05   -1.145563e+00   3.847763e+00

After 4 iterations the fit converged.
final sum of squares of residuals : 0.0146966
rel. change during last iteration : -2.24267e-14

degrees of freedom    (FIT_NDF)                        : 48
rms of residuals      (FIT_STDFIT) = sqrt(WSSR/ndf)    : 0.017498
variance of residuals (reduced chisquare) = WSSR/ndf   : 0.00030618

Final set of parameters            Asymptotic Standard Error
=======================            ==========================
m               = -1.14556         +/- 0.008444     (0.7371%)
b               = 3.84776          +/- 0.003851     (0.1001%)

correlation matrix of the fit parameters:
                m      b      
m               1.000 
b              -0.766  1.000 


*******************************************************************************
Thu Oct  6 16:06:56 2022


FIT:    data read from 'rload.txt' using 2:1
        format = x:z
        x range restricted to [0.00000 : *]
        #datapoints = 50
        residuals are weighted equally (unit weight)

function used for fitting: f(x)
	f(x) = m*x + b
fitted parameters initialized with current variable values

   4 1.4696636977e-02  -2.24e-09  7.77e-05   -1.145563e+00   3.847763e+00

After 4 iterations the fit converged.
final sum of squares of residuals : 0.0146966
rel. change during last iteration : -2.24267e-14

degrees of freedom    (FIT_NDF)                        : 48
rms of residuals      (FIT_STDFIT) = sqrt(WSSR/ndf)    : 0.017498
variance of residuals (reduced chisquare) = WSSR/ndf   : 0.00030618

Final set of parameters            Asymptotic Standard Error
=======================            ==========================
m               = -1.14556         +/- 0.008444     (0.7371%)
b               = 3.84776          +/- 0.003851     (0.1001%)

correlation matrix of the fit parameters:
                m      b      
m               1.000 
b              -0.766  1.000 


*******************************************************************************
Fri Oct  7 11:18:38 2022


FIT:    data read from 'rload.txt' using 2:1
        format = x:z
        x range restricted to [0.00000 : *]
        #datapoints = 49
        residuals are weighted equally (unit weight)

function used for fitting: f(x)
	f(x) = m*x + b
fitted parameters initialized with current variable values

   4 8.8412595131e-03  -5.61e-09  7.81e-05   -9.548401e-01   4.037202e+00

After 4 iterations the fit converged.
final sum of squares of residuals : 0.00884126
rel. change during last iteration : -5.61154e-14

degrees of freedom    (FIT_NDF)                        : 47
rms of residuals      (FIT_STDFIT) = sqrt(WSSR/ndf)    : 0.0137154
variance of residuals (reduced chisquare) = WSSR/ndf   : 0.000188112

Final set of parameters            Asymptotic Standard Error
=======================            ==========================
m               = -0.95484         +/- 0.006662     (0.6978%)
b               = 4.0372           +/- 0.003126     (0.07744%)

correlation matrix of the fit parameters:
                m      b      
m               1.000 
b              -0.779  1.000 


*******************************************************************************
Fri Oct  7 14:12:10 2022


FIT:    data read from 'rload.txt' using 2:1
        format = x:z
        x range restricted to [0.00000 : *]
        #datapoints = 51
        residuals are weighted equally (unit weight)

function used for fitting: f(x)
	f(x) = m*x + b
fitted parameters initialized with current variable values

   4 2.9739356373e-02  -2.03e-09  7.70e-05   -1.542064e+00   3.879375e+00

After 4 iterations the fit converged.
final sum of squares of residuals : 0.0297394
rel. change during last iteration : -2.02992e-14

degrees of freedom    (FIT_NDF)                        : 49
rms of residuals      (FIT_STDFIT) = sqrt(WSSR/ndf)    : 0.0246359
variance of residuals (reduced chisquare) = WSSR/ndf   : 0.000606926

Final set of parameters            Asymptotic Standard Error
=======================            ==========================
m               = -1.54206         +/- 0.01213      (0.7864%)
b               = 3.87938          +/- 0.005239     (0.1351%)

correlation matrix of the fit parameters:
                m      b      
m               1.000 
b              -0.753  1.000 


*******************************************************************************
Sun Oct  9 13:22:02 2022


FIT:    data read from 'rload.txt' using 2:1
        format = x:z
        x range restricted to [0.00000 : *]
        #datapoints = 41
        residuals are weighted equally (unit weight)

function used for fitting: f(x)
	f(x) = m*x + b
fitted parameters initialized with current variable values

   5 3.6589746933e-03  -5.29e-02  7.07e-06    4.622316e+00   7.365299e-02

After 5 iterations the fit converged.
final sum of squares of residuals : 0.00365897
rel. change during last iteration : -5.29384e-07

degrees of freedom    (FIT_NDF)                        : 39
rms of residuals      (FIT_STDFIT) = sqrt(WSSR/ndf)    : 0.00968607
variance of residuals (reduced chisquare) = WSSR/ndf   : 9.38199e-05

Final set of parameters            Asymptotic Standard Error
=======================            ==========================
m               = 4.62232          +/- 0.8588       (18.58%)
b               = 0.073653         +/- 0.001901     (2.582%)

correlation matrix of the fit parameters:
                m      b      
m               1.000 
b              -0.606  1.000 
